b condicion
Total: 0 resultados
1. http://www.um.es, Universidad de Murcia, Rel. 53
46 palabras
u http://dis.um.es/index.html
Total: 0 resultados
b programacion
Total: 0 resultados
a  llevo la condicion
Total: 0 resultados
2. http://dis.um.es/index.html, Departamento de Informática y Sistemas, Rel. 76
10 palabras
a  la programacion de meyer
Total: 0 resultados
o  pagina cigueña
Total: 0 resultados
o  troyano troya
Total: 0 resultados
p autocom
Total: 0 resultados
u http://WWW.UM.ES
Total: 0 resultados
p universi
Total: 0 resultados
3. http://www.wikipedia.com, La enciclopedia libre, Rel. 5
27 palabras
4. http://www.um.es, Pagina de la UMU, Rel. 11
21 palabras
5. http://www.google.es, El buscador GOOGLE, Rel. 10
40 palabras
6. http://www.as.com, Periodico deportivo AS, Rel. 3
10 palabras
b copiado
Total: 0 resultados
b portada
Total: 0 resultados
u http://www.góogle.és
Total: 0 resultados
b simple
Total: 0 resultados
o  portada buscador
Total: 0 resultados
a  portada buscador
Total: 0 resultados
7. http://WWW.MARCA.COM, El periódico deportivo MARCA, Rel. 3
15 palabras
8. http://www.dis.um.es/~ginesgm, Prácticas de AED, Rel. 7
29 palabras
o  copiado portada
Total: 0 resultados
o  tiene pagina
Total: 0 resultados
a  portada buscador
Total: 0 resultados
b vacio
Total: 0 resultados
a  vacio
Total: 0 resultados
b findepagina
Total: 0 resultados
a  simple copiado
Total: 0 resultados
a  buscador simple texto
Total: 0 resultados
a  portada pagina
Total: 0 resultados
a  portada pagina
Total: 0 resultados
u www.cigüeña.com
Total: 0 resultados
b pagina
Total: 0 resultados
a  pagina
Total: 0 resultados
a  pagina
Total: 0 resultados
a  universidad
Total: 0 resultados
b universidad
Total: 0 resultados
a  practica cañon cañon
Total: 0 resultados
o  cañon universidad
Total: 0 resultados
p pore
Total: 0 resultados
p dic
Total: 0 resultados
p noexiste
Total: 0 resultados
