b condicion
Total: 0 resultados
1. http://www.um.es, Universidad de Murcia, Rel. 53
46 palabras
u http://dis.um.es/index.html
Total: 0 resultados
b programacion
Total: 0 resultados
a  llevo la condicion
Total: 0 resultados
2. http://dis.um.es/index.html, Departamento de Informática y Sistemas, Rel. 76
10 palabras
a  la programacion de meyer
Total: 0 resultados
o  pagina cigueña
Total: 0 resultados
o  troyano troya
Total: 0 resultados
p autocom
Total: 0 resultados
u http://WWW.UM.ES
Total: 0 resultados
p universi
Total: 0 resultados
Saliendo...
