b web
Total: 0 resultados
1. http://www.um.es, Universidad de Murcia, Rel. 53
46 palabras
u http://dis.um.es/index.html
Total: 0 resultados
b programacion
Total: 0 resultados
b academica
1. http://www.um.es, Universidad de Murcia, Rel. 53
Total: 1 resultados
2. http://dis.um.es/index.html, Departamento de Inform치tica y Sistemas, Rel. 76
10 palabras
a programacion i meyer
Total: 0 resultados
b a
1. http://dis.um.es/index.html, Departamento de Inform치tica y Sistemas, Rel. 76
Total: 1 resultados
p autocom
Total: 0 resultados
u http://WWW.UM.ES
Total: 0 resultados
b buscar
1. http://dis.um.es/index.html, Departamento de Inform치tica y Sistemas, Rel. 76
Total: 1 resultados
2. http://www.um.es, Universidad de Murcia 2, Rel. 53
7 palabras
b tercer
1. http://www.um.es, Universidad de Murcia 2, Rel. 53
Total: 1 resultados
b universidad
1. http://dis.um.es/index.html, Departamento de Inform치tica y Sistemas, Rel. 76
2. http://www.um.es, Universidad de Murcia 2, Rel. 53
Total: 2 resultados
Saliendo...
