u http://www.um.es
Total: 0 resultados
1. http://www.um.es, Universidad de Murcia, Rel. 53
46 palabras
u http://dis.um.es/index.html
Total: 0 resultados
b programacion
Total: 0 resultados
u http://www.um.es
1. http://www.um.es, Universidad de Murcia, Rel. 53
Total: 1 resultados
2. http://dis.um.es/index.html, Departamento de Informática y Sistemas, Rel. 76
10 palabras
a programacion i meyer
Total: 0 resultados
o troyano o troya
Total: 0 resultados
p autocom
Total: 0 resultados
u http://WWW.UM.ES
Total: 0 resultados
u http://dis.um.es/index.html
1. http://dis.um.es/index.html, Departamento de Informática y Sistemas, Rel. 76
Total: 1 resultados
2. http://www.um.es, Universidad de Murcia 2, Rel. 94
7 palabras
u http://dis.um.es/index.htm
Total: 0 resultados
u http://www.um.es
1. http://www.um.es, Universidad de Murcia 2, Rel. 94
Total: 1 resultados
Saliendo...
